#
# There is insufficient memory for the Java Runtime Environment to continue.
# Native memory allocation (malloc) failed to allocate 32744 bytes for ChunkPool::allocate
# Possible reasons:
#   The system is out of physical RAM or swap space
#   The process is running with CompressedOops enabled, and the Java Heap may be blocking the growth of the native heap
# Possible solutions:
#   Reduce memory load on the system
#   Increase physical memory or swap space
#   Check if swap backing store is full
#   Decrease Java heap size (-Xmx/-Xms)
#   Decrease number of Java threads
#   Decrease Java thread stack sizes (-Xss)
#   Set larger code cache with -XX:ReservedCodeCacheSize=
#   JVM is running with Unscaled Compressed Oops mode in which the Java heap is
#     placed in the first 4GB address space. The Java Heap base address is the
#     maximum limit for the native heap growth. Please use -XX:HeapBaseMinAddress
#     to set the Java Heap base and to place the Java Heap above 4GB virtual address.
# This output file may be truncated or incomplete.
#
#  Out of Memory Error (./open/src/hotspot/share/memory/arena.cpp:81), pid=10560, tid=1612
#
# JRE version: Java(TM) SE Runtime Environment 18.9 (11.0.14+8) (build 11.0.14+8-LTS-263)
# Java VM: Java HotSpot(TM) 64-Bit Server VM 18.9 (11.0.14+8-LTS-263, mixed mode, tiered, compressed oops, g1 gc, windows-amd64)
# No core dump will be written. Minidumps are not enabled by default on client versions of Windows
#

---------------  S U M M A R Y ------------

Command Line: -Dfile.encoding=UTF-8 --module-path=C:\Users\Marcela Alzate\Documents\III semestre\POO\ProyectoPOO\ClienteProyecto\build\classes Vistas.InterfazCliente

Host: Intel(R) Core(TM) i3-10110U CPU @ 2.10GHz, 4 cores, 3G,  Windows 11 , 64 bit Build 22000 (10.0.22000.675)
Time: Wed May 25 21:44:58 2022 Hora est. Pacífico, Sudamérica elapsed time: 24.753181 seconds (0d 0h 0m 24s)

---------------  T H R E A D  ---------------

Current thread (0x00000223c0d9c000):  JavaThread "C2 CompilerThread0" daemon [_thread_in_native, id=1612, stack(0x000000eb93d00000,0x000000eb93e00000)]


Current CompileTask:
C2:  24753 2694 %     4       sun.java2d.marlin.DRenderer::_endRendering @ 1927 (2480 bytes)

Stack: [0x000000eb93d00000,0x000000eb93e00000]
Native frames: (J=compiled Java code, j=interpreted, Vv=VM code, C=native code)
V  [jvm.dll+0x6296da]
V  [jvm.dll+0x76323f]
V  [jvm.dll+0x7648e9]
V  [jvm.dll+0x764f73]
V  [jvm.dll+0x23d7c8]
V  [jvm.dll+0xb2bdb]
V  [jvm.dll+0xb2f3c]
V  [jvm.dll+0xb2a8b]
V  [jvm.dll+0x609a6f]
V  [jvm.dll+0x658ed3]
V  [jvm.dll+0x18cc2d]
V  [jvm.dll+0x1f8472]
V  [jvm.dll+0x1f754d]
V  [jvm.dll+0x177b21]
V  [jvm.dll+0x206e26]
V  [jvm.dll+0x204fbb]
V  [jvm.dll+0x729170]
V  [jvm.dll+0x721d44]
V  [jvm.dll+0x6285d6]
C  [ucrtbase.dll+0x26c0c]
C  [KERNEL32.DLL+0x154e0]
C  [ntdll.dll+0x485b]


---------------  P R O C E S S  ---------------

Threads class SMR info:
_java_thread_list=0x00000223c3245190, length=53, elements={
0x00000223c0d58000, 0x00000223c0d84800, 0x00000223c1752800, 0x00000223c0d93000,
0x00000223c0d98800, 0x00000223c0d9c000, 0x00000223c0d9f800, 0x00000223c0db1000,
0x00000223c1890000, 0x00000223c1891800, 0x00000223c1895000, 0x00000223c1893800,
0x00000223c188f000, 0x00000223c1892800, 0x00000223c1894000, 0x00000223c3401000,
0x00000223c3402000, 0x00000223c3403800, 0x00000223c3405000, 0x00000223c3406000,
0x00000223c3407800, 0x00000223c3404000, 0x00000223c3406800, 0x00000223c3408800,
0x00000223c3402800, 0x00000223c340b800, 0x00000223c340c800, 0x00000223c340a000,
0x00000223c340f000, 0x00000223c340a800, 0x00000223c340e000, 0x00000223c3409000,
0x00000223c340d000, 0x00000223c340f800, 0x00000223c1aca000, 0x00000223c1acc800,
0x00000223c1acf000, 0x00000223c1ac9800, 0x00000223c1ace000, 0x00000223c1acb000,
0x00000223c1ad1800, 0x00000223c1acd800, 0x00000223c1ad0800, 0x00000223c1acc000,
0x00000223c1ad2800, 0x00000223c1ad3000, 0x00000223c1ad5000, 0x00000223c1ad4000,
0x00000223c1ad0000, 0x00000223c1ad5800, 0x00000223c1ad6800, 0x00000223c1ad7000,
0x00000223c1ad8000
}

Java Threads: ( => current thread )
  0x00000223c0d58000 JavaThread "Reference Handler" daemon [_thread_blocked, id=15748, stack(0x000000eb93800000,0x000000eb93900000)]
  0x00000223c0d84800 JavaThread "Finalizer" daemon [_thread_blocked, id=3220, stack(0x000000eb93900000,0x000000eb93a00000)]
  0x00000223c1752800 JavaThread "Signal Dispatcher" daemon [_thread_blocked, id=16940, stack(0x000000eb93a00000,0x000000eb93b00000)]
  0x00000223c0d93000 JavaThread "Attach Listener" daemon [_thread_blocked, id=17236, stack(0x000000eb93b00000,0x000000eb93c00000)]
  0x00000223c0d98800 JavaThread "Service Thread" daemon [_thread_blocked, id=16600, stack(0x000000eb93c00000,0x000000eb93d00000)]
=>0x00000223c0d9c000 JavaThread "C2 CompilerThread0" daemon [_thread_in_native, id=1612, stack(0x000000eb93d00000,0x000000eb93e00000)]
  0x00000223c0d9f800 JavaThread "C1 CompilerThread0" daemon [_thread_blocked, id=4720, stack(0x000000eb93e00000,0x000000eb93f00000)]
  0x00000223c0db1000 JavaThread "Sweeper thread" daemon [_thread_blocked, id=12792, stack(0x000000eb93f00000,0x000000eb94000000)]
  0x00000223c1890000 JavaThread "Common-Cleaner" daemon [_thread_blocked, id=8948, stack(0x000000eb94000000,0x000000eb94100000)]
  0x00000223c1891800 JavaThread "Java2D Disposer" daemon [_thread_blocked, id=2320, stack(0x000000eb94200000,0x000000eb94300000)]
  0x00000223c1895000 JavaThread "AWT-Shutdown" [_thread_blocked, id=6640, stack(0x000000eb94300000,0x000000eb94400000)]
  0x00000223c1893800 JavaThread "AWT-Windows" daemon [_thread_in_native, id=532, stack(0x000000eb94400000,0x000000eb94500000)]
  0x00000223c188f000 JavaThread "AWT-EventQueue-0" [_thread_blocked, id=8316, stack(0x000000eb94500000,0x000000eb94600000)]
  0x00000223c1892800 JavaThread "DestroyJavaVM" [_thread_blocked, id=2672, stack(0x000000eb93100000,0x000000eb93200000)]
  0x00000223c1894000 JavaThread "HttpClient-1-SelectorManager" daemon [_thread_in_native, id=15228, stack(0x000000eb94d00000,0x000000eb94e00000)]
  0x00000223c3401000 JavaThread "HttpClient-2-SelectorManager" daemon [_thread_in_native, id=6716, stack(0x000000eb94e00000,0x000000eb94f00000)]
  0x00000223c3402000 JavaThread "HttpClient-3-SelectorManager" daemon [_thread_in_native, id=9812, stack(0x000000eb94f00000,0x000000eb95000000)]
  0x00000223c3403800 JavaThread "HttpClient-4-SelectorManager" daemon [_thread_in_native, id=6276, stack(0x000000eb95000000,0x000000eb95100000)]
  0x00000223c3405000 JavaThread "HttpClient-5-SelectorManager" daemon [_thread_in_native, id=9336, stack(0x000000eb95100000,0x000000eb95200000)]
  0x00000223c3406000 JavaThread "HttpClient-5-Worker-0" daemon [_thread_blocked, id=6380, stack(0x000000eb95300000,0x000000eb95400000)]
  0x00000223c3407800 JavaThread "HttpClient-5-Worker-1" daemon [_thread_blocked, id=6544, stack(0x000000eb95400000,0x000000eb95500000)]
  0x00000223c3404000 JavaThread "HttpClient-5-Worker-2" daemon [_thread_blocked, id=8588, stack(0x000000eb95500000,0x000000eb95600000)]
  0x00000223c3406800 JavaThread "HttpClient-6-SelectorManager" daemon [_thread_in_native, id=15220, stack(0x000000eb95600000,0x000000eb95700000)]
  0x00000223c3408800 JavaThread "HttpClient-7-SelectorManager" daemon [_thread_in_native, id=13136, stack(0x000000eb95700000,0x000000eb95800000)]
  0x00000223c3402800 JavaThread "HttpClient-8-SelectorManager" daemon [_thread_in_native, id=7604, stack(0x000000eb95800000,0x000000eb95900000)]
  0x00000223c340b800 JavaThread "HttpClient-9-SelectorManager" daemon [_thread_in_native, id=2828, stack(0x000000eb95900000,0x000000eb95a00000)]
  0x00000223c340c800 JavaThread "HttpClient-10-SelectorManager" daemon [_thread_in_native, id=9296, stack(0x000000eb95a00000,0x000000eb95b00000)]
  0x00000223c340a000 JavaThread "HttpClient-11-SelectorManager" daemon [_thread_in_native, id=13232, stack(0x000000eb95b00000,0x000000eb95c00000)]
  0x00000223c340f000 JavaThread "HttpClient-12-SelectorManager" daemon [_thread_in_native, id=812, stack(0x000000eb95c00000,0x000000eb95d00000)]
  0x00000223c340a800 JavaThread "HttpClient-13-SelectorManager" daemon [_thread_in_native, id=14112, stack(0x000000eb95d00000,0x000000eb95e00000)]
  0x00000223c340e000 JavaThread "HttpClient-14-SelectorManager" daemon [_thread_in_native, id=736, stack(0x000000eb95e00000,0x000000eb95f00000)]
  0x00000223c3409000 JavaThread "HttpClient-15-SelectorManager" daemon [_thread_in_native, id=6160, stack(0x000000eb95f00000,0x000000eb96000000)]
  0x00000223c340d000 JavaThread "HttpClient-16-SelectorManager" daemon [_thread_in_native, id=12840, stack(0x000000eb96000000,0x000000eb96100000)]
  0x00000223c340f800 JavaThread "HttpClient-17-SelectorManager" daemon [_thread_in_native, id=6308, stack(0x000000eb96100000,0x000000eb96200000)]
  0x00000223c1aca000 JavaThread "HttpClient-18-SelectorManager" daemon [_thread_in_native, id=10044, stack(0x000000eb96200000,0x000000eb96300000)]
  0x00000223c1acc800 JavaThread "HttpClient-19-SelectorManager" daemon [_thread_in_native, id=2392, stack(0x000000eb96300000,0x000000eb96400000)]
  0x00000223c1acf000 JavaThread "HttpClient-20-SelectorManager" daemon [_thread_in_native, id=11228, stack(0x000000eb96400000,0x000000eb96500000)]
  0x00000223c1ac9800 JavaThread "HttpClient-21-SelectorManager" daemon [_thread_in_native, id=6404, stack(0x000000eb96500000,0x000000eb96600000)]
  0x00000223c1ace000 JavaThread "HttpClient-22-SelectorManager" daemon [_thread_in_native, id=9708, stack(0x000000eb96600000,0x000000eb96700000)]
  0x00000223c1acb000 JavaThread "HttpClient-23-SelectorManager" daemon [_thread_in_native, id=9060, stack(0x000000eb96700000,0x000000eb96800000)]
  0x00000223c1ad1800 JavaThread "HttpClient-24-SelectorManager" daemon [_thread_in_native, id=12480, stack(0x000000eb96800000,0x000000eb96900000)]
  0x00000223c1acd800 JavaThread "HttpClient-24-Worker-0" daemon [_thread_blocked, id=14156, stack(0x000000eb96900000,0x000000eb96a00000)]
  0x00000223c1ad0800 JavaThread "HttpClient-24-Worker-1" daemon [_thread_blocked, id=7732, stack(0x000000eb96a00000,0x000000eb96b00000)]
  0x00000223c1acc000 JavaThread "HttpClient-24-Worker-2" daemon [_thread_blocked, id=17332, stack(0x000000eb96b00000,0x000000eb96c00000)]
  0x00000223c1ad2800 JavaThread "HttpClient-25-SelectorManager" daemon [_thread_in_native, id=13752, stack(0x000000eb96c00000,0x000000eb96d00000)]
  0x00000223c1ad3000 JavaThread "HttpClient-25-Worker-0" daemon [_thread_blocked, id=8732, stack(0x000000eb96d00000,0x000000eb96e00000)]
  0x00000223c1ad5000 JavaThread "HttpClient-25-Worker-1" daemon [_thread_blocked, id=4292, stack(0x000000eb96e00000,0x000000eb96f00000)]
  0x00000223c1ad4000 JavaThread "HttpClient-25-Worker-2" daemon [_thread_blocked, id=12644, stack(0x000000eb96f00000,0x000000eb97000000)]
  0x00000223c1ad0000 JavaThread "HttpClient-26-SelectorManager" daemon [_thread_in_native, id=7216, stack(0x000000eb97000000,0x000000eb97100000)]
  0x00000223c1ad5800 JavaThread "HttpClient-26-Worker-0" daemon [_thread_blocked, id=2408, stack(0x000000eb97100000,0x000000eb97200000)]
  0x00000223c1ad6800 JavaThread "HttpClient-26-Worker-1" daemon [_thread_blocked, id=17152, stack(0x000000eb97200000,0x000000eb97300000)]
  0x00000223c1ad7000 JavaThread "HttpClient-26-Worker-2" daemon [_thread_blocked, id=12112, stack(0x000000eb97300000,0x000000eb97400000)]
  0x00000223c1ad8000 JavaThread "TimerQueue" daemon [_thread_blocked, id=9140, stack(0x000000eb97400000,0x000000eb97500000)]

Other Threads:
  0x00000223c0d56000 VMThread "VM Thread" [stack: 0x000000eb93700000,0x000000eb93800000] [id=11380]
  0x00000223c1962800 WatcherThread [stack: 0x000000eb94100000,0x000000eb94200000] [id=14904]
  0x00000223a5dcd800 GCTaskThread "GC Thread#0" [stack: 0x000000eb93200000,0x000000eb93300000] [id=12436]
  0x00000223c316b000 GCTaskThread "GC Thread#1" [stack: 0x000000eb94900000,0x000000eb94a00000] [id=2504]
  0x00000223c3048800 GCTaskThread "GC Thread#2" [stack: 0x000000eb94a00000,0x000000eb94b00000] [id=12084]
  0x00000223c3236000 GCTaskThread "GC Thread#3" [stack: 0x000000eb94b00000,0x000000eb94c00000] [id=5248]
  0x00000223a5de8000 ConcurrentGCThread "G1 Main Marker" [stack: 0x000000eb93300000,0x000000eb93400000] [id=372]
  0x00000223a5deb800 ConcurrentGCThread "G1 Conc#0" [stack: 0x000000eb93400000,0x000000eb93500000] [id=12080]
  0x00000223a5e6e000 ConcurrentGCThread "G1 Refine#0" [stack: 0x000000eb93500000,0x000000eb93600000] [id=17032]
  0x00000223c1983000 ConcurrentGCThread "G1 Refine#1" [stack: 0x000000eb94c00000,0x000000eb94d00000] [id=17280]
  0x00000223a5e6f000 ConcurrentGCThread "G1 Young RemSet Sampling" [stack: 0x000000eb93600000,0x000000eb93700000] [id=17200]

Threads with active compile tasks:
C2 CompilerThread0  24794 2694 %     4       sun.java2d.marlin.DRenderer::_endRendering @ 1927 (2480 bytes)

VM state:not at safepoint (normal execution)

VM Mutex/Monitor currently owned by a thread: None

Heap address: 0x00000000c2c00000, size: 980 MB, Compressed Oops mode: 32-bit
Narrow klass base: 0x0000000000000000, Narrow klass shift: 3
Compressed class space size: 1073741824 Address: 0x0000000100000000

Heap:
 garbage-first heap   total 63488K, used 24552K [0x00000000c2c00000, 0x0000000100000000)
  region size 1024K, 18 young (18432K), 2 survivors (2048K)
 Metaspace       used 26475K, capacity 27236K, committed 27440K, reserved 1073152K
  class space    used 2951K, capacity 3342K, committed 3456K, reserved 1048576K
Heap Regions: E=young(eden), S=young(survivor), O=old, HS=humongous(starts), HC=humongous(continues), CS=collection set, F=free, A=archive, TAMS=top-at-mark-start (previous, next)
|   0|0x00000000c2c00000, 0x00000000c2d00000, 0x00000000c2d00000|100%| O|  |TAMS 0x00000000c2d00000, 0x00000000c2c00000| Untracked 
|   1|0x00000000c2d00000, 0x00000000c2e00000, 0x00000000c2e00000|100%| O|  |TAMS 0x00000000c2e00000, 0x00000000c2d00000| Untracked 
|   2|0x00000000c2e00000, 0x00000000c2f00000, 0x00000000c2f00000|100%| O|  |TAMS 0x00000000c2f00000, 0x00000000c2e00000| Untracked 
|   3|0x00000000c2f00000, 0x00000000c2f95e00, 0x00000000c3000000| 58%| O|  |TAMS 0x00000000c2f95e00, 0x00000000c2f00000| Untracked 
|   4|0x00000000c3000000, 0x00000000c3100000, 0x00000000c3100000|100%|HS|  |TAMS 0x00000000c3000000, 0x00000000c3000000| Complete 
|   5|0x00000000c3100000, 0x00000000c3200000, 0x00000000c3200000|100%|HC|  |TAMS 0x00000000c3100000, 0x00000000c3100000| Complete 
|   6|0x00000000c3200000, 0x00000000c3300000, 0x00000000c3300000|100%|HC|  |TAMS 0x00000000c3200000, 0x00000000c3200000| Complete 
|   7|0x00000000c3300000, 0x00000000c3400000, 0x00000000c3400000|100%|HC|  |TAMS 0x00000000c3300000, 0x00000000c3300000| Complete 
|   8|0x00000000c3400000, 0x00000000c3400000, 0x00000000c3500000|  0%| F|  |TAMS 0x00000000c3400000, 0x00000000c3400000| Untracked 
|   9|0x00000000c3500000, 0x00000000c3500000, 0x00000000c3600000|  0%| F|  |TAMS 0x00000000c3500000, 0x00000000c3500000| Untracked 
|  10|0x00000000c3600000, 0x00000000c3600000, 0x00000000c3700000|  0%| F|  |TAMS 0x00000000c3600000, 0x00000000c3600000| Untracked 
|  11|0x00000000c3700000, 0x00000000c3700000, 0x00000000c3800000|  0%| F|  |TAMS 0x00000000c3700000, 0x00000000c3700000| Untracked 
|  12|0x00000000c3800000, 0x00000000c3800000, 0x00000000c3900000|  0%| F|  |TAMS 0x00000000c3800000, 0x00000000c3800000| Untracked 
|  13|0x00000000c3900000, 0x00000000c3900000, 0x00000000c3a00000|  0%| F|  |TAMS 0x00000000c3900000, 0x00000000c3900000| Untracked 
|  14|0x00000000c3a00000, 0x00000000c3a00000, 0x00000000c3b00000|  0%| F|  |TAMS 0x00000000c3a00000, 0x00000000c3a00000| Untracked 
|  15|0x00000000c3b00000, 0x00000000c3b00000, 0x00000000c3c00000|  0%| F|  |TAMS 0x00000000c3b00000, 0x00000000c3b00000| Untracked 
|  16|0x00000000c3c00000, 0x00000000c3c00000, 0x00000000c3d00000|  0%| F|  |TAMS 0x00000000c3c00000, 0x00000000c3c00000| Untracked 
|  17|0x00000000c3d00000, 0x00000000c3d00000, 0x00000000c3e00000|  0%| F|  |TAMS 0x00000000c3d00000, 0x00000000c3d00000| Untracked 
|  18|0x00000000c3e00000, 0x00000000c3e00000, 0x00000000c3f00000|  0%| F|  |TAMS 0x00000000c3e00000, 0x00000000c3e00000| Untracked 
|  19|0x00000000c3f00000, 0x00000000c3f00000, 0x00000000c4000000|  0%| F|  |TAMS 0x00000000c3f00000, 0x00000000c3f00000| Untracked 
|  20|0x00000000c4000000, 0x00000000c4000000, 0x00000000c4100000|  0%| F|  |TAMS 0x00000000c4000000, 0x00000000c4000000| Untracked 
|  21|0x00000000c4100000, 0x00000000c4100000, 0x00000000c4200000|  0%| F|  |TAMS 0x00000000c4100000, 0x00000000c4100000| Untracked 
|  22|0x00000000c4200000, 0x00000000c4200000, 0x00000000c4300000|  0%| F|  |TAMS 0x00000000c4200000, 0x00000000c4200000| Untracked 
|  23|0x00000000c4300000, 0x00000000c4300000, 0x00000000c4400000|  0%| F|  |TAMS 0x00000000c4300000, 0x00000000c4300000| Untracked 
|  24|0x00000000c4400000, 0x00000000c4400000, 0x00000000c4500000|  0%| F|  |TAMS 0x00000000c4400000, 0x00000000c4400000| Untracked 
|  25|0x00000000c4500000, 0x00000000c4500000, 0x00000000c4600000|  0%| F|  |TAMS 0x00000000c4500000, 0x00000000c4500000| Untracked 
|  26|0x00000000c4600000, 0x00000000c4600000, 0x00000000c4700000|  0%| F|  |TAMS 0x00000000c4600000, 0x00000000c4600000| Untracked 
|  27|0x00000000c4700000, 0x00000000c4700000, 0x00000000c4800000|  0%| F|  |TAMS 0x00000000c4700000, 0x00000000c4700000| Untracked 
|  28|0x00000000c4800000, 0x00000000c4800000, 0x00000000c4900000|  0%| F|  |TAMS 0x00000000c4800000, 0x00000000c4800000| Untracked 
|  29|0x00000000c4900000, 0x00000000c4900000, 0x00000000c4a00000|  0%| F|  |TAMS 0x00000000c4900000, 0x00000000c4900000| Untracked 
|  30|0x00000000c4a00000, 0x00000000c4a00000, 0x00000000c4b00000|  0%| F|  |TAMS 0x00000000c4a00000, 0x00000000c4a00000| Untracked 
|  31|0x00000000c4b00000, 0x00000000c4b00000, 0x00000000c4c00000|  0%| F|  |TAMS 0x00000000c4b00000, 0x00000000c4b00000| Untracked 
|  32|0x00000000c4c00000, 0x00000000c4c00000, 0x00000000c4d00000|  0%| F|  |TAMS 0x00000000c4c00000, 0x00000000c4c00000| Untracked 
|  33|0x00000000c4d00000, 0x00000000c4d00000, 0x00000000c4e00000|  0%| F|  |TAMS 0x00000000c4d00000, 0x00000000c4d00000| Untracked 
|  34|0x00000000c4e00000, 0x00000000c4e00000, 0x00000000c4f00000|  0%| F|  |TAMS 0x00000000c4e00000, 0x00000000c4e00000| Untracked 
|  35|0x00000000c4f00000, 0x00000000c4f00000, 0x00000000c5000000|  0%| F|  |TAMS 0x00000000c4f00000, 0x00000000c4f00000| Untracked 
|  36|0x00000000c5000000, 0x00000000c5000000, 0x00000000c5100000|  0%| F|  |TAMS 0x00000000c5000000, 0x00000000c5000000| Untracked 
|  37|0x00000000c5100000, 0x00000000c5100000, 0x00000000c5200000|  0%| F|  |TAMS 0x00000000c5100000, 0x00000000c5100000| Untracked 
|  38|0x00000000c5200000, 0x00000000c5200000, 0x00000000c5300000|  0%| F|  |TAMS 0x00000000c5200000, 0x00000000c5200000| Untracked 
|  39|0x00000000c5300000, 0x00000000c5300000, 0x00000000c5400000|  0%| F|  |TAMS 0x00000000c5300000, 0x00000000c5300000| Untracked 
|  40|0x00000000c5400000, 0x00000000c5400000, 0x00000000c5500000|  0%| F|  |TAMS 0x00000000c5400000, 0x00000000c5400000| Untracked 
|  41|0x00000000c5500000, 0x00000000c5500000, 0x00000000c5600000|  0%| F|  |TAMS 0x00000000c5500000, 0x00000000c5500000| Untracked 
|  42|0x00000000c5600000, 0x00000000c5600000, 0x00000000c5700000|  0%| F|  |TAMS 0x00000000c5600000, 0x00000000c5600000| Untracked 
|  43|0x00000000c5700000, 0x00000000c5700000, 0x00000000c5800000|  0%| F|  |TAMS 0x00000000c5700000, 0x00000000c5700000| Untracked 
|  44|0x00000000c5800000, 0x00000000c58ed6f8, 0x00000000c5900000| 92%| E|  |TAMS 0x00000000c5800000, 0x00000000c5800000| Complete 
|  45|0x00000000c5900000, 0x00000000c5a00000, 0x00000000c5a00000|100%| E|CS|TAMS 0x00000000c5900000, 0x00000000c5900000| Complete 
|  46|0x00000000c5a00000, 0x00000000c5b00000, 0x00000000c5b00000|100%| E|CS|TAMS 0x00000000c5a00000, 0x00000000c5a00000| Complete 
|  47|0x00000000c5b00000, 0x00000000c5c00000, 0x00000000c5c00000|100%| E|CS|TAMS 0x00000000c5b00000, 0x00000000c5b00000| Complete 
|  48|0x00000000c5c00000, 0x00000000c5d00000, 0x00000000c5d00000|100%| E|CS|TAMS 0x00000000c5c00000, 0x00000000c5c00000| Complete 
|  49|0x00000000c5d00000, 0x00000000c5e00000, 0x00000000c5e00000|100%| E|CS|TAMS 0x00000000c5d00000, 0x00000000c5d00000| Complete 
|  50|0x00000000c5e00000, 0x00000000c5f00000, 0x00000000c5f00000|100%| E|CS|TAMS 0x00000000c5e00000, 0x00000000c5e00000| Complete 
|  51|0x00000000c5f00000, 0x00000000c6000000, 0x00000000c6000000|100%| E|CS|TAMS 0x00000000c5f00000, 0x00000000c5f00000| Complete 
|  52|0x00000000c6000000, 0x00000000c60644a0, 0x00000000c6100000| 39%| S|CS|TAMS 0x00000000c6000000, 0x00000000c6000000| Complete 
|  53|0x00000000c6100000, 0x00000000c6200000, 0x00000000c6200000|100%| S|CS|TAMS 0x00000000c6100000, 0x00000000c6100000| Complete 
|  54|0x00000000c6200000, 0x00000000c6300000, 0x00000000c6300000|100%| E|CS|TAMS 0x00000000c6200000, 0x00000000c6200000| Complete 
|  55|0x00000000c6300000, 0x00000000c6400000, 0x00000000c6400000|100%| E|CS|TAMS 0x00000000c6300000, 0x00000000c6300000| Complete 
|  56|0x00000000c6400000, 0x00000000c6500000, 0x00000000c6500000|100%| E|CS|TAMS 0x00000000c6400000, 0x00000000c6400000| Complete 
|  57|0x00000000c6500000, 0x00000000c6600000, 0x00000000c6600000|100%| E|CS|TAMS 0x00000000c6500000, 0x00000000c6500000| Complete 
|  58|0x00000000c6600000, 0x00000000c6700000, 0x00000000c6700000|100%| E|CS|TAMS 0x00000000c6600000, 0x00000000c6600000| Complete 
|  59|0x00000000c6700000, 0x00000000c6800000, 0x00000000c6800000|100%| E|CS|TAMS 0x00000000c6700000, 0x00000000c6700000| Complete 
|  60|0x00000000c6800000, 0x00000000c6900000, 0x00000000c6900000|100%| E|CS|TAMS 0x00000000c6800000, 0x00000000c6800000| Complete 
|  61|0x00000000c6900000, 0x00000000c6a00000, 0x00000000c6a00000|100%| E|CS|TAMS 0x00000000c6900000, 0x00000000c6900000| Complete 

Card table byte_map: [0x00000223bc630000,0x00000223bc820000] _byte_map_base: 0x00000223bc01a000

Marking Bits (Prev, Next): (CMBitMap*) 0x00000223a5de3830, (CMBitMap*) 0x00000223a5de37f8
 Prev Bits: [0x00000223bd960000, 0x00000223be8b0000)
 Next Bits: [0x00000223bca10000, 0x00000223bd960000)

Polling page: 0x00000223a55a0000

Metaspace:

Usage:
  Non-class:     23.33 MB capacity,    22.97 MB ( 98%) used,   281.56 KB (  1%) free+waste,    88.06 KB ( <1%) overhead. 
      Class:      3.26 MB capacity,     2.88 MB ( 88%) used,   343.67 KB ( 10%) free+waste,    46.81 KB (  1%) overhead. 
       Both:     26.60 MB capacity,    25.86 MB ( 97%) used,   625.23 KB (  2%) free+waste,   134.88 KB ( <1%) overhead. 

Virtual space:
  Non-class space:       24.00 MB reserved,      23.42 MB ( 98%) committed 
      Class space:        1.00 GB reserved,       3.38 MB ( <1%) committed 
             Both:        1.02 GB reserved,      26.80 MB (  3%) committed 

Chunk freelists:
   Non-Class:  3.25 KB
       Class:  2.25 KB
        Both:  5.50 KB

CodeHeap 'non-profiled nmethods': size=120064Kb used=904Kb max_used=904Kb free=119159Kb
 bounds [0x00000223b4f00000, 0x00000223b5170000, 0x00000223bc440000]
CodeHeap 'profiled nmethods': size=120000Kb used=5406Kb max_used=5406Kb free=114593Kb
 bounds [0x00000223ad9d0000, 0x00000223adf20000, 0x00000223b4f00000]
CodeHeap 'non-nmethods': size=5696Kb used=1284Kb max_used=1299Kb free=4411Kb
 bounds [0x00000223ad440000, 0x00000223ad6b0000, 0x00000223ad9d0000]
 total_blobs=3377 nmethods=2688 adapters=600
 compilation: enabled
              stopped_count=0, restarted_count=0
 full_count=0

Compilation events (10 events):
Event: 24.629 Thread 0x00000223c0d9f800 2688       3       javax.swing.plaf.nimbus.ImageScalingHelper::drawChunk (182 bytes)
Event: 24.631 Thread 0x00000223c0d9f800 nmethod 2688 0x00000223adf16810 code [0x00000223adf16a00, 0x00000223adf171f8]
Event: 24.631 Thread 0x00000223c0d9f800 2689       3       sun.java2d.SunGraphics2D::transformShape (36 bytes)
Event: 24.632 Thread 0x00000223c0d9f800 nmethod 2689 0x00000223adf17490 code [0x00000223adf17640, 0x00000223adf17858]
Event: 24.632 Thread 0x00000223c0d9f800 2692       1       java.awt.geom.AffineTransform::getShearY (5 bytes)
Event: 24.632 Thread 0x00000223c0d9f800 nmethod 2692 0x00000223b4fe1890 code [0x00000223b4fe1a20, 0x00000223b4fe1ad8]
Event: 24.632 Thread 0x00000223c0d9f800 2693       1       java.awt.geom.AffineTransform::getShearX (5 bytes)
Event: 24.633 Thread 0x00000223c0d9f800 nmethod 2693 0x00000223b4fe1b90 code [0x00000223b4fe1d20, 0x00000223b4fe1dd8]
Event: 24.633 Thread 0x00000223c0d9f800 2690       1       java.awt.image.BufferedImage::getType (5 bytes)
Event: 24.633 Thread 0x00000223c0d9f800 nmethod 2690 0x00000223b4fe1e90 code [0x00000223b4fe2020, 0x00000223b4fe20d8]

GC Heap History (4 events):
Event: 1.700 GC heap before
{Heap before GC invocations=0 (full 0):
 garbage-first heap   total 63488K, used 14336K [0x00000000c2c00000, 0x0000000100000000)
  region size 1024K, 14 young (14336K), 0 survivors (0K)
 Metaspace       used 18515K, capacity 19061K, committed 19328K, reserved 1067008K
  class space    used 2110K, capacity 2375K, committed 2432K, reserved 1048576K
}
Event: 1.711 GC heap after
{Heap after GC invocations=1 (full 0):
 garbage-first heap   total 63488K, used 3539K [0x00000000c2c00000, 0x0000000100000000)
  region size 1024K, 2 young (2048K), 2 survivors (2048K)
 Metaspace       used 18515K, capacity 19061K, committed 19328K, reserved 1067008K
  class space    used 2110K, capacity 2375K, committed 2432K, reserved 1048576K
}
Event: 1.937 GC heap before
{Heap before GC invocations=1 (full 0):
 garbage-first heap   total 63488K, used 9683K [0x00000000c2c00000, 0x0000000100000000)
  region size 1024K, 10 young (10240K), 2 survivors (2048K)
 Metaspace       used 20597K, capacity 21135K, committed 21296K, reserved 1069056K
  class space    used 2323K, capacity 2595K, committed 2688K, reserved 1048576K
}
Event: 1.943 GC heap after
{Heap after GC invocations=2 (full 0):
 garbage-first heap   total 63488K, used 5096K [0x00000000c2c00000, 0x0000000100000000)
  region size 1024K, 2 young (2048K), 2 survivors (2048K)
 Metaspace       used 20597K, capacity 21135K, committed 21296K, reserved 1069056K
  class space    used 2323K, capacity 2595K, committed 2688K, reserved 1048576K
}

Deoptimization events (10 events):
Event: 14.912 Thread 0x00000223c188f000 Uncommon trap: reason=class_check action=maybe_recompile pc=0x00000223b4f489c4 method=javax.swing.plaf.nimbus.DerivedColor$UIResource.equals(Ljava/lang/Object;)Z @ 1 c2
Event: 14.914 Thread 0x00000223c188f000 Uncommon trap: reason=class_check action=maybe_recompile pc=0x00000223b4f489c4 method=javax.swing.plaf.nimbus.DerivedColor$UIResource.equals(Ljava/lang/Object;)Z @ 1 c2
Event: 14.916 Thread 0x00000223c188f000 Uncommon trap: reason=class_check action=maybe_recompile pc=0x00000223b4f489c4 method=javax.swing.plaf.nimbus.DerivedColor$UIResource.equals(Ljava/lang/Object;)Z @ 1 c2
Event: 14.921 Thread 0x00000223c188f000 Uncommon trap: reason=unstable_if action=reinterpret pc=0x00000223b4f3c900 method=java.util.Arrays.equals([Ljava/lang/Object;[Ljava/lang/Object;)Z @ 44 c2
Event: 21.545 Thread 0x00000223c188f000 Uncommon trap: reason=null_check action=make_not_entrant pc=0x00000223b4fd1e1c method=java.awt.Component.isLightweight()Z @ 4 c2
Event: 21.551 Thread 0x00000223c188f000 Uncommon trap: reason=bimorphic_or_optimized_type_check action=maybe_recompile pc=0x00000223b4fbdba4 method=javax.swing.ArrayTable.get(Ljava/lang/Object;)Ljava/lang/Object; @ 41 c2
Event: 21.556 Thread 0x00000223c188f000 Uncommon trap: reason=bimorphic_or_optimized_type_check action=maybe_recompile pc=0x00000223b4fbdba4 method=javax.swing.ArrayTable.get(Ljava/lang/Object;)Ljava/lang/Object; @ 41 c2
Event: 21.556 Thread 0x00000223c188f000 Uncommon trap: reason=bimorphic_or_optimized_type_check action=maybe_recompile pc=0x00000223b4fbdba4 method=javax.swing.ArrayTable.get(Ljava/lang/Object;)Ljava/lang/Object; @ 41 c2
Event: 21.563 Thread 0x00000223c188f000 Uncommon trap: reason=bimorphic_or_optimized_type_check action=maybe_recompile pc=0x00000223b4fbdba4 method=javax.swing.ArrayTable.get(Ljava/lang/Object;)Ljava/lang/Object; @ 41 c2
Event: 23.383 Thread 0x00000223c188f000 Uncommon trap: reason=unstable_if action=reinterpret pc=0x00000223b4f84418 method=java.io.ByteArrayInputStream.read([BII)I @ 35 c2

Classes redefined (0 events):
No events

Internal exceptions (10 events):
Event: 2.401 Thread 0x00000223c3406000 Exception <a 'java/lang/NoSuchMethodError'{0x00000000c66f8918}: java.lang.invoke.DirectMethodHandle$Holder.invokeStatic(Ljava/lang/Object;Ljava/lang/Object;Ljava/lang/Object;Ljava/lang/Object;Ljava/lang/Object;)V> (0x00000000c66f8918) thrown at [./open/sr
Event: 12.261 Thread 0x00000223c3406000 Exception <a 'java/lang/NoSuchMethodError'{0x00000000c65c4ea8}: java.lang.invoke.DirectMethodHandle$Holder.invokeStatic(Ljava/lang/Object;Ljava/lang/Object;Ljava/lang/Object;Ljava/lang/Object;Ljava/lang/Object;Ljava/lang/Object;Ljava/lang/Object;Ljava/lan
Event: 12.263 Thread 0x00000223c3406000 Exception <a 'java/lang/NoSuchMethodError'{0x00000000c65d1098}: java.lang.invoke.DirectMethodHandle$Holder.invokeStatic(Ljava/lang/Object;Ljava/lang/Object;Ljava/lang/Object;Ljava/lang/Object;Ljava/lang/Object;Ljava/lang/Object;Ljava/lang/Object;Ljava/lan
Event: 12.264 Thread 0x00000223c3406000 Exception <a 'java/lang/NoSuchMethodError'{0x00000000c65dd8b0}: java.lang.invoke.DirectMethodHandle$Holder.invokeStatic(Ljava/lang/Object;Ljava/lang/Object;Ljava/lang/Object;Ljava/lang/Object;Ljava/lang/Object;Ljava/lang/Object;Ljava/lang/Object;Ljava/lan
Event: 12.267 Thread 0x00000223c3406000 Exception <a 'java/lang/NoSuchMethodError'{0x00000000c65f9f88}: java.lang.invoke.DirectMethodHandle$Holder.invokeSpecial(Ljava/lang/Object;Ljava/lang/Object;Ljava/lang/Object;Ljava/lang/Object;Ljava/lang/Object;Ljava/lang/Object;Ljava/lang/Object;)V> (0x0
Event: 12.268 Thread 0x00000223c3406000 Exception <a 'java/lang/NoSuchMethodError'{0x00000000c6407430}: java.lang.invoke.DirectMethodHandle$Holder.invokeStatic(Ljava/lang/Object;Ljava/lang/Object;Ljava/lang/Object;Ljava/lang/Object;)V> (0x00000000c6407430) thrown at [./open/src/hotspot/share/in
Event: 12.318 Thread 0x00000223c188f000 Exception <a 'java/lang/NoSuchMethodError'{0x00000000c5f200e8}: java.lang.invoke.DirectMethodHandle$Holder.invokeStatic(Ljava/lang/Object;Ljava/lang/Object;Ljava/lang/Object;Ljava/lang/Object;Ljava/lang/Object;Ljava/lang/Object;Ljava/lang/Object;Ljava/lan
Event: 12.324 Thread 0x00000223c188f000 Exception <a 'java/lang/NoSuchMethodError'{0x00000000c5fa48e8}: java.lang.invoke.DirectMethodHandle$Holder.invokeSpecial(Ljava/lang/Object;Ljava/lang/Object;IILjava/lang/Object;Ljava/lang/Object;IIII)Ljava/lang/Object;> (0x00000000c5fa48e8) thrown at [./o
Event: 12.324 Thread 0x00000223c188f000 Exception <a 'java/lang/NoSuchMethodError'{0x00000000c5fa7f98}: java.lang.invoke.DelegatingMethodHandle$Holder.reinvoke_L(Ljava/lang/Object;IILjava/lang/Object;Ljava/lang/Object;IIII)Ljava/lang/Object;> (0x00000000c5fa7f98) thrown at [./open/src/hotspot/s
Event: 21.545 Thread 0x00000223c188f000 Implicit null exception at 0x00000223b4fd1db0 to 0x00000223b4fd1e0f

Events (10 events):
Event: 23.486 loading class java/io/ObjectStreamClass$FieldReflectorKey
Event: 23.486 loading class java/io/ObjectStreamClass$FieldReflectorKey done
Event: 23.486 loading class java/io/ObjectStreamClass$FieldReflector
Event: 23.486 loading class java/io/ObjectStreamClass$FieldReflector done
Event: 23.716 Thread 0x00000223c188f000 DEOPT PACKING pc=0x00000223ade0738b sp=0x000000eb945f9d30
Event: 23.716 Thread 0x00000223c188f000 DEOPT UNPACKING pc=0x00000223ad466dde sp=0x000000eb945f90e0 mode 0
Event: 23.716 Thread 0x00000223c188f000 DEOPT PACKING pc=0x00000223addcc98f sp=0x000000eb945f9c60
Event: 23.716 Thread 0x00000223c188f000 DEOPT UNPACKING pc=0x00000223ad466dde sp=0x000000eb945f9118 mode 0
Event: 23.729 Thread 0x00000223c188f000 DEOPT PACKING pc=0x00000223addcc98f sp=0x000000eb945f9c60
Event: 23.729 Thread 0x00000223c188f000 DEOPT UNPACKING pc=0x00000223ad466dde sp=0x000000eb945f9118 mode 0


Dynamic libraries:
0x00007ff71c000000 - 0x00007ff71c00f000 	C:\Program Files\Java\jdk-11.0.14\bin\java.exe
0x00007ffdbcfa0000 - 0x00007ffdbd1a9000 	C:\WINDOWS\SYSTEM32\ntdll.dll
0x00007ffdbbc00000 - 0x00007ffdbbcbd000 	C:\WINDOWS\System32\KERNEL32.DLL
0x00007ffdba740000 - 0x00007ffdbaab9000 	C:\WINDOWS\System32\KERNELBASE.dll
0x00007ffdbabb0000 - 0x00007ffdbacc1000 	C:\WINDOWS\System32\ucrtbase.dll
0x00007ffdac650000 - 0x00007ffdac665000 	C:\Program Files\Java\jdk-11.0.14\bin\VCRUNTIME140.dll
0x00007ffdac510000 - 0x00007ffdac528000 	C:\Program Files\Java\jdk-11.0.14\bin\jli.dll
0x00007ffdbc840000 - 0x00007ffdbc8ee000 	C:\WINDOWS\System32\ADVAPI32.dll
0x00007ffdbca10000 - 0x00007ffdbcab3000 	C:\WINDOWS\System32\msvcrt.dll
0x00007ffdbbfd0000 - 0x00007ffdbc06e000 	C:\WINDOWS\System32\sechost.dll
0x00007ffdbc8f0000 - 0x00007ffdbca10000 	C:\WINDOWS\System32\RPCRT4.dll
0x00007ffdbb3a0000 - 0x00007ffdbb54c000 	C:\WINDOWS\System32\USER32.dll
0x00007ffdbab80000 - 0x00007ffdbaba6000 	C:\WINDOWS\System32\win32u.dll
0x00007ffd9c650000 - 0x00007ffd9c8f5000 	C:\WINDOWS\WinSxS\amd64_microsoft.windows.common-controls_6595b64144ccf1df_6.0.22000.120_none_9d947278b86cc467\COMCTL32.dll
0x00007ffdbbef0000 - 0x00007ffdbbf19000 	C:\WINDOWS\System32\GDI32.dll
0x00007ffdba530000 - 0x00007ffdba642000 	C:\WINDOWS\System32\gdi32full.dll
0x00007ffdba490000 - 0x00007ffdba52d000 	C:\WINDOWS\System32\msvcp_win.dll
0x00007ffdb4cc0000 - 0x00007ffdb4cca000 	C:\WINDOWS\SYSTEM32\VERSION.dll
0x00007ffdbbda0000 - 0x00007ffdbbdd1000 	C:\WINDOWS\System32\IMM32.DLL
0x00007ffd8b310000 - 0x00007ffd8b3ab000 	C:\Program Files\Java\jdk-11.0.14\bin\msvcp140.dll
0x00007ffd520e0000 - 0x00007ffd52bf6000 	C:\Program Files\Java\jdk-11.0.14\bin\server\jvm.dll
0x00007ffdbc830000 - 0x00007ffdbc838000 	C:\WINDOWS\System32\PSAPI.DLL
0x00007ffdb4960000 - 0x00007ffdb4993000 	C:\WINDOWS\SYSTEM32\WINMM.dll
0x00007ffda2520000 - 0x00007ffda2529000 	C:\WINDOWS\SYSTEM32\WSOCK32.dll
0x00007ffdbb110000 - 0x00007ffdbb17f000 	C:\WINDOWS\System32\WS2_32.dll
0x00007ffdb9590000 - 0x00007ffdb95a8000 	C:\WINDOWS\SYSTEM32\kernel.appcore.dll
0x00007ffdac6a0000 - 0x00007ffdac6b0000 	C:\Program Files\Java\jdk-11.0.14\bin\verify.dll
0x00007ffdb80c0000 - 0x00007ffdb82e1000 	C:\WINDOWS\SYSTEM32\DBGHELP.DLL
0x00007ffda2a60000 - 0x00007ffda2a91000 	C:\WINDOWS\SYSTEM32\dbgcore.DLL
0x00007ffdba6c0000 - 0x00007ffdba73f000 	C:\WINDOWS\System32\bcryptPrimitives.dll
0x00007ffd99100000 - 0x00007ffd99128000 	C:\Program Files\Java\jdk-11.0.14\bin\java.dll
0x00007ffdac540000 - 0x00007ffdac54a000 	C:\Program Files\Java\jdk-11.0.14\bin\jimage.dll
0x00007ffdac3e0000 - 0x00007ffdac3f6000 	C:\Program Files\Java\jdk-11.0.14\bin\zip.dll
0x00007ffdbc080000 - 0x00007ffdbc82f000 	C:\WINDOWS\System32\SHELL32.dll
0x00007ffdb8600000 - 0x00007ffdb8e68000 	C:\WINDOWS\SYSTEM32\windows.storage.dll
0x00007ffdbcac0000 - 0x00007ffdbce38000 	C:\WINDOWS\System32\combase.dll
0x00007ffdb8490000 - 0x00007ffdb85f6000 	C:\WINDOWS\SYSTEM32\wintypes.dll
0x00007ffdbaea0000 - 0x00007ffdbaf8a000 	C:\WINDOWS\System32\SHCORE.dll
0x00007ffdbb340000 - 0x00007ffdbb39d000 	C:\WINDOWS\System32\shlwapi.dll
0x00007ffdba3c0000 - 0x00007ffdba3e1000 	C:\WINDOWS\SYSTEM32\profapi.dll
0x00007ffd97490000 - 0x00007ffd974a9000 	C:\Program Files\Java\jdk-11.0.14\bin\net.dll
0x00007ffdb4760000 - 0x00007ffdb486c000 	C:\WINDOWS\SYSTEM32\WINHTTP.dll
0x00007ffdb99c0000 - 0x00007ffdb9a27000 	C:\WINDOWS\system32\mswsock.dll
0x00007ffd94e50000 - 0x00007ffd94e62000 	C:\Program Files\Java\jdk-11.0.14\bin\nio.dll
0x00007ffd7df50000 - 0x00007ffd7e0ea000 	C:\Program Files\Java\jdk-11.0.14\bin\awt.dll
0x00007ffdbbcc0000 - 0x00007ffdbbd96000 	C:\WINDOWS\System32\OLEAUT32.dll
0x00007ffdb75b0000 - 0x00007ffdb7641000 	C:\WINDOWS\SYSTEM32\apphelp.dll
0x00007ffdb7760000 - 0x00007ffdb780c000 	C:\WINDOWS\system32\uxtheme.dll
0x00007ffdbce40000 - 0x00007ffdbcf5e000 	C:\WINDOWS\System32\MSCTF.dll
0x00007ffdbb9e0000 - 0x00007ffdbbb7a000 	C:\WINDOWS\System32\ole32.dll
0x00007ffdb7c20000 - 0x00007ffdb7c4f000 	C:\WINDOWS\system32\DWMAPI.DLL
0x00007ffd88c50000 - 0x00007ffd88cd6000 	C:\Program Files\Java\jdk-11.0.14\bin\freetype.dll
0x00007ffd7dea0000 - 0x00007ffd7df45000 	C:\Program Files\Java\jdk-11.0.14\bin\fontmanager.dll
0x00007ffdaa630000 - 0x00007ffdaa731000 	C:\WINDOWS\system32\opengl32.dll
0x00007ffdaa5c0000 - 0x00007ffdaa5ed000 	C:\WINDOWS\SYSTEM32\GLU32.dll
0x00007ffdb7860000 - 0x00007ffdb7898000 	C:\WINDOWS\SYSTEM32\dxcore.dll
0x00007ffdbbf20000 - 0x00007ffdbbfcf000 	C:\WINDOWS\System32\clbcatq.dll
0x00007ffdb1020000 - 0x00007ffdb11ce000 	C:\WINDOWS\SYSTEM32\WindowsCodecs.dll
0x00007ffda36e0000 - 0x00007ffda373d000 	C:\WINDOWS\system32\dataexchange.dll
0x00007ffdb5770000 - 0x00007ffdb59d6000 	C:\WINDOWS\system32\twinapi.appcore.dll
0x00007ffd92e90000 - 0x00007ffd92eb5000 	C:\Program Files\Java\jdk-11.0.14\bin\sunec.dll
0x00007ffdb9c00000 - 0x00007ffdb9c18000 	C:\WINDOWS\SYSTEM32\CRYPTSP.dll
0x00007ffdb94f0000 - 0x00007ffdb9525000 	C:\WINDOWS\system32\rsaenh.dll
0x00007ffdb9ab0000 - 0x00007ffdb9ad9000 	C:\WINDOWS\SYSTEM32\USERENV.dll
0x00007ffdb9d80000 - 0x00007ffdb9da7000 	C:\WINDOWS\SYSTEM32\bcrypt.dll
0x00007ffdb9c20000 - 0x00007ffdb9c2c000 	C:\WINDOWS\SYSTEM32\CRYPTBASE.dll
0x00007ffdb90c0000 - 0x00007ffdb90ed000 	C:\WINDOWS\SYSTEM32\IPHLPAPI.DLL
0x00007ffdbb080000 - 0x00007ffdbb089000 	C:\WINDOWS\System32\NSI.dll
0x00007ffdb4540000 - 0x00007ffdb4559000 	C:\WINDOWS\SYSTEM32\dhcpcsvc6.DLL
0x00007ffdb4ed0000 - 0x00007ffdb4eee000 	C:\WINDOWS\SYSTEM32\dhcpcsvc.DLL
0x00007ffdb9130000 - 0x00007ffdb9218000 	C:\WINDOWS\SYSTEM32\DNSAPI.dll
0x00007ffd97010000 - 0x00007ffd9713d000 	C:\WINDOWS\SYSTEM32\textinputframework.dll
0x00007ffdb72c0000 - 0x00007ffdb73f2000 	C:\WINDOWS\SYSTEM32\CoreMessaging.dll
0x00007ffdb3380000 - 0x00007ffdb36ed000 	C:\WINDOWS\SYSTEM32\CoreUIComponents.dll

dbghelp: loaded successfully - version: 4.0.5 - missing functions: none
symbol engine: initialized successfully - sym options: 0x614 - pdb path: .;C:\Program Files\Java\jdk-11.0.14\bin;C:\WINDOWS\SYSTEM32;C:\WINDOWS\WinSxS\amd64_microsoft.windows.common-controls_6595b64144ccf1df_6.0.22000.120_none_9d947278b86cc467;C:\Program Files\Java\jdk-11.0.14\bin\server

VM Arguments:
jvm_args: -Dfile.encoding=UTF-8 --module-path=C:\Users\Marcela Alzate\Documents\III semestre\POO\ProyectoPOO\ClienteProyecto\build\classes 
java_command: Vistas.InterfazCliente
java_class_path (initial): C:\Users\Marcela Alzate\Documents\III semestre\POO\Otros\json-simple-1.1.jar;C:\Users\Marcela Alzate\Documents\III semestre\POO\ProyectoPOO\ClienteProyecto\build\classes
Launcher Type: SUN_STANDARD

[Global flags]
     intx CICompilerCount                          = 3                                         {product} {ergonomic}
     uint ConcGCThreads                            = 1                                         {product} {ergonomic}
     uint G1ConcRefinementThreads                  = 4                                         {product} {ergonomic}
   size_t G1HeapRegionSize                         = 1048576                                   {product} {ergonomic}
    uintx GCDrainStackTargetSize                   = 64                                        {product} {ergonomic}
   size_t InitialHeapSize                          = 65011712                                  {product} {ergonomic}
   size_t MarkStackSize                            = 4194304                                   {product} {ergonomic}
   size_t MaxHeapSize                              = 1027604480                                {product} {ergonomic}
   size_t MaxNewSize                               = 616562688                                 {product} {ergonomic}
   size_t MinHeapDeltaBytes                        = 1048576                                   {product} {ergonomic}
    uintx NonNMethodCodeHeapSize                   = 5830732                                {pd product} {ergonomic}
    uintx NonProfiledCodeHeapSize                  = 122913754                              {pd product} {ergonomic}
    uintx ProfiledCodeHeapSize                     = 122913754                              {pd product} {ergonomic}
    uintx ReservedCodeCacheSize                    = 251658240                              {pd product} {ergonomic}
     bool SegmentedCodeCache                       = true                                      {product} {ergonomic}
     bool UseCompressedClassPointers               = true                                 {lp64_product} {ergonomic}
     bool UseCompressedOops                        = true                                 {lp64_product} {ergonomic}
     bool UseG1GC                                  = true                                      {product} {ergonomic}
     bool UseLargePagesIndividualAllocation        = false                                  {pd product} {ergonomic}

Logging:
Log output configuration:
 #0: stdout all=warning uptime,level,tags
 #1: stderr all=off uptime,level,tags

Environment Variables:
PATH=C:\Program Files\Common Files\Oracle\Java\javapath;C:\ProgramData\Oracle\Java\javapath;C:\WINDOWS\system32;C:\WINDOWS;C:\WINDOWS\System32\Wbem;C:\WINDOWS\System32\WindowsPowerShell\v1.0\;C:\WINDOWS\System32\OpenSSH\;C:\Program Files\Git\cmd;C:\Program Files\PowerShell\7\;C:\Users\Marcela Alzate\AppData\Local\Programs\Python\Python310\Scripts\;C:\Users\Marcela Alzate\AppData\Local\Programs\Python\Python310\;C:\Users\Marcela Alzate\AppData\Local\Microsoft\WindowsApps;C:\Users\Marcela Alzate\AppData\Local\Programs\Microsoft VS Code\bin
USERNAME=Marcela Alzate
OS=Windows_NT
PROCESSOR_IDENTIFIER=Intel64 Family 6 Model 142 Stepping 12, GenuineIntel



---------------  S Y S T E M  ---------------

OS: Windows 11 , 64 bit Build 22000 (10.0.22000.675)

CPU:total 4 (initial active 4) (2 cores per cpu, 2 threads per core) family 6 model 142 stepping 12 microcode 0xec, cmov, cx8, fxsr, mmx, sse, sse2, sse3, ssse3, sse4.1, sse4.2, popcnt, avx, avx2, aes, clmul, erms, 3dnowpref, lzcnt, ht, tsc, tscinvbit, bmi1, bmi2, adx, fma

Memory: 4k page, system-wide physical 3919M (294M free)
TotalPageFile size 15695M (AvailPageFile size 3M)
current process WorkingSet (physical memory assigned to process): 110M, peak: 110M
current process commit charge ("private bytes"): 177M, peak: 177M

vm_info: Java HotSpot(TM) 64-Bit Server VM (11.0.14+8-LTS-263) for windows-amd64 JRE (11.0.14+8-LTS-263), built on Dec  7 2021 21:53:57 by "mach5one" with MS VC++ 15.9 (VS2017)

END.
