#
# There is insufficient memory for the Java Runtime Environment to continue.
# Native memory allocation (malloc) failed to allocate 1114736 bytes for Chunk::new
# Possible reasons:
#   The system is out of physical RAM or swap space
#   The process is running with CompressedOops enabled, and the Java Heap may be blocking the growth of the native heap
# Possible solutions:
#   Reduce memory load on the system
#   Increase physical memory or swap space
#   Check if swap backing store is full
#   Decrease Java heap size (-Xmx/-Xms)
#   Decrease number of Java threads
#   Decrease Java thread stack sizes (-Xss)
#   Set larger code cache with -XX:ReservedCodeCacheSize=
#   JVM is running with Unscaled Compressed Oops mode in which the Java heap is
#     placed in the first 4GB address space. The Java Heap base address is the
#     maximum limit for the native heap growth. Please use -XX:HeapBaseMinAddress
#     to set the Java Heap base and to place the Java Heap above 4GB virtual address.
# This output file may be truncated or incomplete.
#
#  Out of Memory Error (./open/src/hotspot/share/memory/arena.cpp:197), pid=9260, tid=8200
#
# JRE version: Java(TM) SE Runtime Environment 18.9 (11.0.14+8) (build 11.0.14+8-LTS-263)
# Java VM: Java HotSpot(TM) 64-Bit Server VM 18.9 (11.0.14+8-LTS-263, mixed mode, tiered, compressed oops, g1 gc, windows-amd64)
# No core dump will be written. Minidumps are not enabled by default on client versions of Windows
#

---------------  S U M M A R Y ------------

Command Line: -Dfile.encoding=UTF-8 -agentlib:jdwp=transport=dt_shmem,address=javadebug --module-path=C:\Users\Marcela Alzate\Documents\III semestre\POO\ProyectoPOO\ClienteProyecto\build\classes Vistas.InterfazCliente

Host: Intel(R) Core(TM) i3-10110U CPU @ 2.10GHz, 4 cores, 3G,  Windows 11 , 64 bit Build 22000 (10.0.22000.675)
Time: Tue May 24 17:20:12 2022 Hora est. Pacífico, Sudamérica elapsed time: 1.349995 seconds (0d 0h 0m 1s)

---------------  T H R E A D  ---------------

Current thread (0x000002a783111000):  JavaThread "C2 CompilerThread0" daemon [_thread_in_native, id=8200, stack(0x000000d9fed00000,0x000000d9fee00000)]


Current CompileTask:
C2:   1350  545       4       jdk.internal.org.objectweb.asm.Frame::execute (2264 bytes)

Stack: [0x000000d9fed00000,0x000000d9fee00000]
Native frames: (J=compiled Java code, j=interpreted, Vv=VM code, C=native code)
V  [jvm.dll+0x6296da]
V  [jvm.dll+0x76323f]
V  [jvm.dll+0x7648e9]
V  [jvm.dll+0x764f73]
V  [jvm.dll+0x23d7c8]
V  [jvm.dll+0xb297c]
V  [jvm.dll+0xb2f3c]
V  [jvm.dll+0x340e52]
V  [jvm.dll+0x30e803]
V  [jvm.dll+0x30db4a]
V  [jvm.dll+0x1f8365]
V  [jvm.dll+0x1f754d]
V  [jvm.dll+0x177b21]
V  [jvm.dll+0x206e26]
V  [jvm.dll+0x204fbb]
V  [jvm.dll+0x729170]
V  [jvm.dll+0x721d44]
V  [jvm.dll+0x6285d6]
C  [ucrtbase.dll+0x26c0c]
C  [KERNEL32.DLL+0x154e0]
C  [ntdll.dll+0x485b]


---------------  P R O C E S S  ---------------

Threads class SMR info:
_java_thread_list=0x000002a78382a120, length=16, elements={
0x000002a7e7097000, 0x000002a78308b000, 0x000002a7830b8800, 0x000002a783108800,
0x000002a78310b800, 0x000002a78310c800, 0x000002a783111000, 0x000002a783114800,
0x000002a78311a000, 0x000002a7833c0800, 0x000002a783586800, 0x000002a7834a6000,
0x000002a78351d000, 0x000002a783802800, 0x000002a783805800, 0x000002a783806000
}

Java Threads: ( => current thread )
  0x000002a7e7097000 JavaThread "main" [_thread_in_vm, id=6028, stack(0x000000d9fe100000,0x000000d9fe200000)]
  0x000002a78308b000 JavaThread "Reference Handler" daemon [_thread_blocked, id=6228, stack(0x000000d9fe800000,0x000000d9fe900000)]
  0x000002a7830b8800 JavaThread "Finalizer" daemon [_thread_blocked, id=12624, stack(0x000000d9fe900000,0x000000d9fea00000)]
  0x000002a783108800 JavaThread "Signal Dispatcher" daemon [_thread_blocked, id=5344, stack(0x000000d9fea00000,0x000000d9feb00000)]
  0x000002a78310b800 JavaThread "Attach Listener" daemon [_thread_blocked, id=1504, stack(0x000000d9feb00000,0x000000d9fec00000)]
  0x000002a78310c800 JavaThread "Service Thread" daemon [_thread_blocked, id=7256, stack(0x000000d9fec00000,0x000000d9fed00000)]
=>0x000002a783111000 JavaThread "C2 CompilerThread0" daemon [_thread_in_native, id=8200, stack(0x000000d9fed00000,0x000000d9fee00000)]
  0x000002a783114800 JavaThread "C1 CompilerThread0" daemon [_thread_blocked, id=16196, stack(0x000000d9fee00000,0x000000d9fef00000)]
  0x000002a78311a000 JavaThread "Sweeper thread" daemon [_thread_blocked, id=13132, stack(0x000000d9fef00000,0x000000d9ff000000)]
  0x000002a7833c0800 JavaThread "Common-Cleaner" daemon [_thread_blocked, id=1168, stack(0x000000d9ff000000,0x000000d9ff100000)]
  0x000002a783586800 JavaThread "JDWP Transport Listener: dt_shmem" daemon [_thread_blocked, id=16440, stack(0x000000d9ff100000,0x000000d9ff200000)]
  0x000002a7834a6000 JavaThread "JDWP Event Helper Thread" daemon [_thread_blocked, id=4164, stack(0x000000d9ff200000,0x000000d9ff300000)]
  0x000002a78351d000 JavaThread "JDWP Command Reader" daemon [_thread_in_native, id=4280, stack(0x000000d9ff300000,0x000000d9ff400000)]
  0x000002a783802800 JavaThread "Java2D Disposer" daemon [_thread_blocked, id=9108, stack(0x000000d9ff500000,0x000000d9ff600000)]
  0x000002a783805800 JavaThread "AWT-Shutdown" [_thread_blocked, id=828, stack(0x000000d9ff600000,0x000000d9ff700000)]
  0x000002a783806000 JavaThread "AWT-Windows" daemon [_thread_in_native, id=15640, stack(0x000000d9ff700000,0x000000d9ff800000)]

Other Threads:
  0x000002a783088800 VMThread "VM Thread" [stack: 0x000000d9fe700000,0x000000d9fe800000] [id=11064]
  0x000002a783574800 WatcherThread [stack: 0x000000d9ff400000,0x000000d9ff500000] [id=17184]
  0x000002a7e70ad800 GCTaskThread "GC Thread#0" [stack: 0x000000d9fe200000,0x000000d9fe300000] [id=4716]
  0x000002a7e70c8000 ConcurrentGCThread "G1 Main Marker" [stack: 0x000000d9fe300000,0x000000d9fe400000] [id=11320]
  0x000002a7e70ca000 ConcurrentGCThread "G1 Conc#0" [stack: 0x000000d9fe400000,0x000000d9fe500000] [id=16392]
  0x000002a7e7112800 ConcurrentGCThread "G1 Refine#0" [stack: 0x000000d9fe500000,0x000000d9fe600000] [id=8608]
  0x000002a7e7113800 ConcurrentGCThread "G1 Young RemSet Sampling" [stack: 0x000000d9fe600000,0x000000d9fe700000] [id=588]

Threads with active compile tasks:
C2 CompilerThread0   1429  545       4       jdk.internal.org.objectweb.asm.Frame::execute (2264 bytes)

VM state:not at safepoint (normal execution)

VM Mutex/Monitor currently owned by a thread: None

Heap address: 0x00000000c2c00000, size: 980 MB, Compressed Oops mode: 32-bit
Narrow klass base: 0x0000000000000000, Narrow klass shift: 3
Compressed class space size: 1073741824 Address: 0x0000000100000000

Heap:
 garbage-first heap   total 63488K, used 6144K [0x00000000c2c00000, 0x0000000100000000)
  region size 1024K, 7 young (7168K), 0 survivors (0K)
 Metaspace       used 10600K, capacity 10944K, committed 11008K, reserved 1058816K
  class space    used 1074K, capacity 1235K, committed 1280K, reserved 1048576K
Heap Regions: E=young(eden), S=young(survivor), O=old, HS=humongous(starts), HC=humongous(continues), CS=collection set, F=free, A=archive, TAMS=top-at-mark-start (previous, next)
|   0|0x00000000c2c00000, 0x00000000c2c00000, 0x00000000c2d00000|  0%| F|  |TAMS 0x00000000c2c00000, 0x00000000c2c00000| Untracked 
|   1|0x00000000c2d00000, 0x00000000c2d00000, 0x00000000c2e00000|  0%| F|  |TAMS 0x00000000c2d00000, 0x00000000c2d00000| Untracked 
|   2|0x00000000c2e00000, 0x00000000c2e00000, 0x00000000c2f00000|  0%| F|  |TAMS 0x00000000c2e00000, 0x00000000c2e00000| Untracked 
|   3|0x00000000c2f00000, 0x00000000c2f00000, 0x00000000c3000000|  0%| F|  |TAMS 0x00000000c2f00000, 0x00000000c2f00000| Untracked 
|   4|0x00000000c3000000, 0x00000000c3000000, 0x00000000c3100000|  0%| F|  |TAMS 0x00000000c3000000, 0x00000000c3000000| Untracked 
|   5|0x00000000c3100000, 0x00000000c3100000, 0x00000000c3200000|  0%| F|  |TAMS 0x00000000c3100000, 0x00000000c3100000| Untracked 
|   6|0x00000000c3200000, 0x00000000c3200000, 0x00000000c3300000|  0%| F|  |TAMS 0x00000000c3200000, 0x00000000c3200000| Untracked 
|   7|0x00000000c3300000, 0x00000000c3300000, 0x00000000c3400000|  0%| F|  |TAMS 0x00000000c3300000, 0x00000000c3300000| Untracked 
|   8|0x00000000c3400000, 0x00000000c3400000, 0x00000000c3500000|  0%| F|  |TAMS 0x00000000c3400000, 0x00000000c3400000| Untracked 
|   9|0x00000000c3500000, 0x00000000c3500000, 0x00000000c3600000|  0%| F|  |TAMS 0x00000000c3500000, 0x00000000c3500000| Untracked 
|  10|0x00000000c3600000, 0x00000000c3600000, 0x00000000c3700000|  0%| F|  |TAMS 0x00000000c3600000, 0x00000000c3600000| Untracked 
|  11|0x00000000c3700000, 0x00000000c3700000, 0x00000000c3800000|  0%| F|  |TAMS 0x00000000c3700000, 0x00000000c3700000| Untracked 
|  12|0x00000000c3800000, 0x00000000c3800000, 0x00000000c3900000|  0%| F|  |TAMS 0x00000000c3800000, 0x00000000c3800000| Untracked 
|  13|0x00000000c3900000, 0x00000000c3900000, 0x00000000c3a00000|  0%| F|  |TAMS 0x00000000c3900000, 0x00000000c3900000| Untracked 
|  14|0x00000000c3a00000, 0x00000000c3a00000, 0x00000000c3b00000|  0%| F|  |TAMS 0x00000000c3a00000, 0x00000000c3a00000| Untracked 
|  15|0x00000000c3b00000, 0x00000000c3b00000, 0x00000000c3c00000|  0%| F|  |TAMS 0x00000000c3b00000, 0x00000000c3b00000| Untracked 
|  16|0x00000000c3c00000, 0x00000000c3c00000, 0x00000000c3d00000|  0%| F|  |TAMS 0x00000000c3c00000, 0x00000000c3c00000| Untracked 
|  17|0x00000000c3d00000, 0x00000000c3d00000, 0x00000000c3e00000|  0%| F|  |TAMS 0x00000000c3d00000, 0x00000000c3d00000| Untracked 
|  18|0x00000000c3e00000, 0x00000000c3e00000, 0x00000000c3f00000|  0%| F|  |TAMS 0x00000000c3e00000, 0x00000000c3e00000| Untracked 
|  19|0x00000000c3f00000, 0x00000000c3f00000, 0x00000000c4000000|  0%| F|  |TAMS 0x00000000c3f00000, 0x00000000c3f00000| Untracked 
|  20|0x00000000c4000000, 0x00000000c4000000, 0x00000000c4100000|  0%| F|  |TAMS 0x00000000c4000000, 0x00000000c4000000| Untracked 
|  21|0x00000000c4100000, 0x00000000c4100000, 0x00000000c4200000|  0%| F|  |TAMS 0x00000000c4100000, 0x00000000c4100000| Untracked 
|  22|0x00000000c4200000, 0x00000000c4200000, 0x00000000c4300000|  0%| F|  |TAMS 0x00000000c4200000, 0x00000000c4200000| Untracked 
|  23|0x00000000c4300000, 0x00000000c4300000, 0x00000000c4400000|  0%| F|  |TAMS 0x00000000c4300000, 0x00000000c4300000| Untracked 
|  24|0x00000000c4400000, 0x00000000c4400000, 0x00000000c4500000|  0%| F|  |TAMS 0x00000000c4400000, 0x00000000c4400000| Untracked 
|  25|0x00000000c4500000, 0x00000000c4500000, 0x00000000c4600000|  0%| F|  |TAMS 0x00000000c4500000, 0x00000000c4500000| Untracked 
|  26|0x00000000c4600000, 0x00000000c4600000, 0x00000000c4700000|  0%| F|  |TAMS 0x00000000c4600000, 0x00000000c4600000| Untracked 
|  27|0x00000000c4700000, 0x00000000c4700000, 0x00000000c4800000|  0%| F|  |TAMS 0x00000000c4700000, 0x00000000c4700000| Untracked 
|  28|0x00000000c4800000, 0x00000000c4800000, 0x00000000c4900000|  0%| F|  |TAMS 0x00000000c4800000, 0x00000000c4800000| Untracked 
|  29|0x00000000c4900000, 0x00000000c4900000, 0x00000000c4a00000|  0%| F|  |TAMS 0x00000000c4900000, 0x00000000c4900000| Untracked 
|  30|0x00000000c4a00000, 0x00000000c4a00000, 0x00000000c4b00000|  0%| F|  |TAMS 0x00000000c4a00000, 0x00000000c4a00000| Untracked 
|  31|0x00000000c4b00000, 0x00000000c4b00000, 0x00000000c4c00000|  0%| F|  |TAMS 0x00000000c4b00000, 0x00000000c4b00000| Untracked 
|  32|0x00000000c4c00000, 0x00000000c4c00000, 0x00000000c4d00000|  0%| F|  |TAMS 0x00000000c4c00000, 0x00000000c4c00000| Untracked 
|  33|0x00000000c4d00000, 0x00000000c4d00000, 0x00000000c4e00000|  0%| F|  |TAMS 0x00000000c4d00000, 0x00000000c4d00000| Untracked 
|  34|0x00000000c4e00000, 0x00000000c4e00000, 0x00000000c4f00000|  0%| F|  |TAMS 0x00000000c4e00000, 0x00000000c4e00000| Untracked 
|  35|0x00000000c4f00000, 0x00000000c4f00000, 0x00000000c5000000|  0%| F|  |TAMS 0x00000000c4f00000, 0x00000000c4f00000| Untracked 
|  36|0x00000000c5000000, 0x00000000c5000000, 0x00000000c5100000|  0%| F|  |TAMS 0x00000000c5000000, 0x00000000c5000000| Untracked 
|  37|0x00000000c5100000, 0x00000000c5100000, 0x00000000c5200000|  0%| F|  |TAMS 0x00000000c5100000, 0x00000000c5100000| Untracked 
|  38|0x00000000c5200000, 0x00000000c5200000, 0x00000000c5300000|  0%| F|  |TAMS 0x00000000c5200000, 0x00000000c5200000| Untracked 
|  39|0x00000000c5300000, 0x00000000c5300000, 0x00000000c5400000|  0%| F|  |TAMS 0x00000000c5300000, 0x00000000c5300000| Untracked 
|  40|0x00000000c5400000, 0x00000000c5400000, 0x00000000c5500000|  0%| F|  |TAMS 0x00000000c5400000, 0x00000000c5400000| Untracked 
|  41|0x00000000c5500000, 0x00000000c5500000, 0x00000000c5600000|  0%| F|  |TAMS 0x00000000c5500000, 0x00000000c5500000| Untracked 
|  42|0x00000000c5600000, 0x00000000c5600000, 0x00000000c5700000|  0%| F|  |TAMS 0x00000000c5600000, 0x00000000c5600000| Untracked 
|  43|0x00000000c5700000, 0x00000000c5700000, 0x00000000c5800000|  0%| F|  |TAMS 0x00000000c5700000, 0x00000000c5700000| Untracked 
|  44|0x00000000c5800000, 0x00000000c5800000, 0x00000000c5900000|  0%| F|  |TAMS 0x00000000c5800000, 0x00000000c5800000| Untracked 
|  45|0x00000000c5900000, 0x00000000c5900000, 0x00000000c5a00000|  0%| F|  |TAMS 0x00000000c5900000, 0x00000000c5900000| Untracked 
|  46|0x00000000c5a00000, 0x00000000c5a00000, 0x00000000c5b00000|  0%| F|  |TAMS 0x00000000c5a00000, 0x00000000c5a00000| Untracked 
|  47|0x00000000c5b00000, 0x00000000c5b00000, 0x00000000c5c00000|  0%| F|  |TAMS 0x00000000c5b00000, 0x00000000c5b00000| Untracked 
|  48|0x00000000c5c00000, 0x00000000c5c00000, 0x00000000c5d00000|  0%| F|  |TAMS 0x00000000c5c00000, 0x00000000c5c00000| Untracked 
|  49|0x00000000c5d00000, 0x00000000c5d00000, 0x00000000c5e00000|  0%| F|  |TAMS 0x00000000c5d00000, 0x00000000c5d00000| Untracked 
|  50|0x00000000c5e00000, 0x00000000c5e00000, 0x00000000c5f00000|  0%| F|  |TAMS 0x00000000c5e00000, 0x00000000c5e00000| Untracked 
|  51|0x00000000c5f00000, 0x00000000c5f00000, 0x00000000c6000000|  0%| F|  |TAMS 0x00000000c5f00000, 0x00000000c5f00000| Untracked 
|  52|0x00000000c6000000, 0x00000000c6000000, 0x00000000c6100000|  0%| F|  |TAMS 0x00000000c6000000, 0x00000000c6000000| Untracked 
|  53|0x00000000c6100000, 0x00000000c6100000, 0x00000000c6200000|  0%| F|  |TAMS 0x00000000c6100000, 0x00000000c6100000| Untracked 
|  54|0x00000000c6200000, 0x00000000c6200000, 0x00000000c6300000|  0%| F|  |TAMS 0x00000000c6200000, 0x00000000c6200000| Untracked 
|  55|0x00000000c6300000, 0x00000000c638ffe8, 0x00000000c6400000| 56%| E|  |TAMS 0x00000000c6300000, 0x00000000c6300000| Complete 
|  56|0x00000000c6400000, 0x00000000c6500000, 0x00000000c6500000|100%| E|CS|TAMS 0x00000000c6400000, 0x00000000c6400000| Complete 
|  57|0x00000000c6500000, 0x00000000c6600000, 0x00000000c6600000|100%| E|CS|TAMS 0x00000000c6500000, 0x00000000c6500000| Complete 
|  58|0x00000000c6600000, 0x00000000c6700000, 0x00000000c6700000|100%| E|CS|TAMS 0x00000000c6600000, 0x00000000c6600000| Complete 
|  59|0x00000000c6700000, 0x00000000c6800000, 0x00000000c6800000|100%| E|CS|TAMS 0x00000000c6700000, 0x00000000c6700000| Complete 
|  60|0x00000000c6800000, 0x00000000c6900000, 0x00000000c6900000|100%| E|CS|TAMS 0x00000000c6800000, 0x00000000c6800000| Complete 
|  61|0x00000000c6900000, 0x00000000c6a00000, 0x00000000c6a00000|100%| E|CS|TAMS 0x00000000c6900000, 0x00000000c6900000| Complete 

Card table byte_map: [0x000002a7fdf40000,0x000002a7fe130000] _byte_map_base: 0x000002a7fd92a000

Marking Bits (Prev, Next): (CMBitMap*) 0x000002a7e70c31d8, (CMBitMap*) 0x000002a7e70c3210
 Prev Bits: [0x000002a7fe320000, 0x000002a7ff270000)
 Next Bits: [0x000002a780000000, 0x000002a780f50000)

Polling page: 0x000002a7e58b0000

Metaspace:

Usage:
  Non-class:      9.48 MB capacity,     9.32 MB ( 98%) used,   135.08 KB (  1%) free+waste,    31.00 KB ( <1%) overhead. 
      Class:      1.21 MB capacity,     1.05 MB ( 87%) used,   138.58 KB ( 11%) free+waste,    18.06 KB (  1%) overhead. 
       Both:     10.69 MB capacity,    10.37 MB ( 97%) used,   273.66 KB (  3%) free+waste,    49.06 KB ( <1%) overhead. 

Virtual space:
  Non-class space:       10.00 MB reserved,       9.50 MB ( 95%) committed 
      Class space:        1.00 GB reserved,       1.25 MB ( <1%) committed 
             Both:        1.01 GB reserved,      10.75 MB (  1%) committed 

Chunk freelists:
   Non-Class:  2.38 KB
       Class:  0 bytes
        Both:  2.38 KB

CodeHeap 'non-profiled nmethods': size=120064Kb used=173Kb max_used=173Kb free=119890Kb
 bounds [0x000002a7f61e0000, 0x000002a7f6450000, 0x000002a7fd720000]
CodeHeap 'profiled nmethods': size=120000Kb used=977Kb max_used=977Kb free=119023Kb
 bounds [0x000002a7eecb0000, 0x000002a7eef20000, 0x000002a7f61e0000]
CodeHeap 'non-nmethods': size=5696Kb used=1198Kb max_used=1198Kb free=4497Kb
 bounds [0x000002a7ee720000, 0x000002a7ee990000, 0x000002a7eecb0000]
 total_blobs=1061 nmethods=627 adapters=354
 compilation: enabled
              stopped_count=0, restarted_count=0
 full_count=0

Compilation events (10 events):
Event: 1.326 Thread 0x000002a783114800  571       3       java.lang.String::compareTo (9 bytes)
Event: 1.326 Thread 0x000002a783114800 nmethod 571 0x000002a7eed83210 code [0x000002a7eed833c0, 0x000002a7eed835e8]
Event: 1.326 Thread 0x000002a783114800  572       3       java.lang.String::compareTo (63 bytes)
Event: 1.327 Thread 0x000002a783114800 nmethod 572 0x000002a7eed83690 code [0x000002a7eed83900, 0x000002a7eed84378]
Event: 1.327 Thread 0x000002a783114800  574       3       java.lang.StringLatin1::compareTo (14 bytes)
Event: 1.327 Thread 0x000002a783114800 nmethod 574 0x000002a7eed84890 code [0x000002a7eed84a40, 0x000002a7eed84b88]
Event: 1.327 Thread 0x000002a783114800  575       1       java.util.HashMap$Node::getKey (5 bytes)
Event: 1.327 Thread 0x000002a783114800 nmethod 575 0x000002a7f6208590 code [0x000002a7f6208720, 0x000002a7f62087d8]
Event: 1.327 Thread 0x000002a783114800  576       1       java.util.HashMap$Node::getValue (5 bytes)
Event: 1.328 Thread 0x000002a783114800 nmethod 576 0x000002a7f6208890 code [0x000002a7f6208a20, 0x000002a7f6208ad8]

GC Heap History (0 events):
No events

Deoptimization events (2 events):
Event: 0.468 Thread 0x000002a7e7097000 Uncommon trap: reason=unstable_if action=reinterpret pc=0x000002a7f61e54dc method=java.lang.String.isLatin1()Z @ 10 c2
Event: 0.984 Thread 0x000002a7e7097000 Uncommon trap: reason=unstable_if action=reinterpret pc=0x000002a7f61e50f0 method=java.lang.String.isLatin1()Z @ 10 c2

Classes redefined (0 events):
No events

Internal exceptions (10 events):
Event: 1.131 Thread 0x000002a7e7097000 Exception <a 'java/io/FileNotFoundException'{0x00000000c67a5260}> (0x00000000c67a5260) thrown at [./open/src/hotspot/share/prims/jni.cpp, line 611]
Event: 1.146 Thread 0x000002a7e7097000 Exception <a 'java/lang/NoSuchMethodError'{0x00000000c6600b90}: java.lang.invoke.DirectMethodHandle$Holder.invokeStatic(Ljava/lang/Object;Ljava/lang/Object;Ljava/lang/Object;Ljava/lang/Object;Ljava/lang/Object;Ljava/lang/Object;Ljava/lang/Object;Ljava/lan
Event: 1.148 Thread 0x000002a7e7097000 Exception <a 'java/lang/NoSuchMethodError'{0x00000000c660e740}: java.lang.invoke.DirectMethodHandle$Holder.invokeStatic(Ljava/lang/Object;Ljava/lang/Object;Ljava/lang/Object;Ljava/lang/Object;Ljava/lang/Object;Ljava/lang/Object;Ljava/lang/Object;Ljava/lan
Event: 1.150 Thread 0x000002a7e7097000 Exception <a 'java/lang/NoSuchMethodError'{0x00000000c661c3a8}: java.lang.invoke.DirectMethodHandle$Holder.invokeSpecial(Ljava/lang/Object;Ljava/lang/Object;IILjava/lang/Object;Ljava/lang/Object;Ljava/lang/Object;)Ljava/lang/Object;> (0x00000000c661c3a8) 
Event: 1.150 Thread 0x000002a7e7097000 Exception <a 'java/lang/NoSuchMethodError'{0x00000000c661f930}: java.lang.invoke.DelegatingMethodHandle$Holder.reinvoke_L(Ljava/lang/Object;IILjava/lang/Object;Ljava/lang/Object;Ljava/lang/Object;)Ljava/lang/Object;> (0x00000000c661f930) thrown at [./open
Event: 1.151 Thread 0x000002a7e7097000 Exception <a 'java/lang/NoSuchMethodError'{0x00000000c6623a10}: java.lang.invoke.DirectMethodHandle$Holder.invokeStatic(Ljava/lang/Object;Ljava/lang/Object;Ljava/lang/Object;Ljava/lang/Object;I)Ljava/lang/Object;> (0x00000000c6623a10) thrown at [./open/sr
Event: 1.177 Thread 0x000002a7e7097000 Exception <a 'java/io/FileNotFoundException'{0x00000000c6686550}> (0x00000000c6686550) thrown at [./open/src/hotspot/share/prims/jni.cpp, line 611]
Event: 1.280 Thread 0x000002a783806000 Exception <a 'java/lang/NoSuchMethodError'{0x00000000c654d330}: java.lang.invoke.DirectMethodHandle$Holder.invokeSpecial(Ljava/lang/Object;Ljava/lang/Object;)V> (0x00000000c654d330) thrown at [./open/src/hotspot/share/interpreter/linkResolver.cpp, line 77
Event: 1.284 Thread 0x000002a7e7097000 Exception <a 'java/lang/NoSuchMethodError'{0x00000000c6590480}: java.lang.invoke.DirectMethodHandle$Holder.invokeStatic(Ljava/lang/Object;Ljava/lang/Object;Ljava/lang/Object;Ljava/lang/Object;Ljava/lang/Object;Ljava/lang/Object;Ljava/lang/Object;Ljava/lan
Event: 1.286 Thread 0x000002a7e7097000 Exception <a 'java/lang/NoSuchMethodError'{0x00000000c65aa558}: java.lang.invoke.DirectMethodHandle$Holder.invokeStatic(Ljava/lang/Object;Ljava/lang/Object;Ljava/lang/Object;Ljava/lang/Object;Ljava/lang/Object;Ljava/lang/Object;Ljava/lang/Object;Ljava/lan

Events (10 events):
Event: 1.328 loading class sun/awt/AppContext$3
Event: 1.329 loading class sun/awt/AppContext$3 done
Event: 1.329 loading class sun/awt/AppContext$2
Event: 1.329 loading class sun/awt/AppContext$2 done
Event: 1.329 loading class sun/awt/AppContext$State
Event: 1.329 loading class sun/awt/AppContext$State done
Event: 1.329 loading class sun/awt/AppContext$1
Event: 1.330 loading class sun/awt/AppContext$1 done
Event: 1.330 loading class java/awt/EventQueue
Event: 1.330 loading class java/awt/EventQueue done


Dynamic libraries:
0x00007ff7c3c00000 - 0x00007ff7c3c0f000 	C:\Program Files\Java\jdk-11.0.14\bin\java.exe
0x00007ffdbcfa0000 - 0x00007ffdbd1a9000 	C:\WINDOWS\SYSTEM32\ntdll.dll
0x00007ffdbbc00000 - 0x00007ffdbbcbd000 	C:\WINDOWS\System32\KERNEL32.DLL
0x00007ffdba740000 - 0x00007ffdbaab9000 	C:\WINDOWS\System32\KERNELBASE.dll
0x00007ffdbabb0000 - 0x00007ffdbacc1000 	C:\WINDOWS\System32\ucrtbase.dll
0x00007ffd9e710000 - 0x00007ffd9e725000 	C:\Program Files\Java\jdk-11.0.14\bin\VCRUNTIME140.dll
0x00007ffd99210000 - 0x00007ffd99228000 	C:\Program Files\Java\jdk-11.0.14\bin\jli.dll
0x00007ffdbc840000 - 0x00007ffdbc8ee000 	C:\WINDOWS\System32\ADVAPI32.dll
0x00007ffdbca10000 - 0x00007ffdbcab3000 	C:\WINDOWS\System32\msvcrt.dll
0x00007ffdbbfd0000 - 0x00007ffdbc06e000 	C:\WINDOWS\System32\sechost.dll
0x00007ffdbc8f0000 - 0x00007ffdbca10000 	C:\WINDOWS\System32\RPCRT4.dll
0x00007ffdbb3a0000 - 0x00007ffdbb54c000 	C:\WINDOWS\System32\USER32.dll
0x00007ffdbab80000 - 0x00007ffdbaba6000 	C:\WINDOWS\System32\win32u.dll
0x00007ffdbbef0000 - 0x00007ffdbbf19000 	C:\WINDOWS\System32\GDI32.dll
0x00007ffdba530000 - 0x00007ffdba642000 	C:\WINDOWS\System32\gdi32full.dll
0x00007ffdba490000 - 0x00007ffdba52d000 	C:\WINDOWS\System32\msvcp_win.dll
0x00007ffdb4cc0000 - 0x00007ffdb4cca000 	C:\WINDOWS\SYSTEM32\VERSION.dll
0x00007ffd9c650000 - 0x00007ffd9c8f5000 	C:\WINDOWS\WinSxS\amd64_microsoft.windows.common-controls_6595b64144ccf1df_6.0.22000.120_none_9d947278b86cc467\COMCTL32.dll
0x00007ffdbbda0000 - 0x00007ffdbbdd1000 	C:\WINDOWS\System32\IMM32.DLL
0x00007ffd885a0000 - 0x00007ffd8863b000 	C:\Program Files\Java\jdk-11.0.14\bin\msvcp140.dll
0x00007ffd665b0000 - 0x00007ffd670c6000 	C:\Program Files\Java\jdk-11.0.14\bin\server\jvm.dll
0x00007ffdbc830000 - 0x00007ffdbc838000 	C:\WINDOWS\System32\PSAPI.DLL
0x00007ffd95a90000 - 0x00007ffd95a99000 	C:\WINDOWS\SYSTEM32\WSOCK32.dll
0x00007ffdbb110000 - 0x00007ffdbb17f000 	C:\WINDOWS\System32\WS2_32.dll
0x00007ffdb4960000 - 0x00007ffdb4993000 	C:\WINDOWS\SYSTEM32\WINMM.dll
0x00007ffdb9590000 - 0x00007ffdb95a8000 	C:\WINDOWS\SYSTEM32\kernel.appcore.dll
0x00007ffdb67b0000 - 0x00007ffdb67c0000 	C:\Program Files\Java\jdk-11.0.14\bin\verify.dll
0x00007ffdb80c0000 - 0x00007ffdb82e1000 	C:\WINDOWS\SYSTEM32\DBGHELP.DLL
0x00007ffda2a60000 - 0x00007ffda2a91000 	C:\WINDOWS\SYSTEM32\dbgcore.DLL
0x00007ffdba6c0000 - 0x00007ffdba73f000 	C:\WINDOWS\System32\bcryptPrimitives.dll
0x00007ffd991d0000 - 0x00007ffd991f8000 	C:\Program Files\Java\jdk-11.0.14\bin\java.dll
0x00007ffd995d0000 - 0x00007ffd995da000 	C:\Program Files\Java\jdk-11.0.14\bin\jimage.dll
0x00007ffd8d2b0000 - 0x00007ffd8d2e8000 	C:\Program Files\Java\jdk-11.0.14\bin\jdwp.dll
0x00007ffd96260000 - 0x00007ffd96276000 	C:\Program Files\Java\jdk-11.0.14\bin\zip.dll
0x00007ffdbc080000 - 0x00007ffdbc82f000 	C:\WINDOWS\System32\SHELL32.dll
0x00007ffdb8600000 - 0x00007ffdb8e68000 	C:\WINDOWS\SYSTEM32\windows.storage.dll
0x00007ffdbcac0000 - 0x00007ffdbce38000 	C:\WINDOWS\System32\combase.dll
0x00007ffdb8490000 - 0x00007ffdb85f6000 	C:\WINDOWS\SYSTEM32\wintypes.dll
0x00007ffdbaea0000 - 0x00007ffdbaf8a000 	C:\WINDOWS\System32\SHCORE.dll
0x00007ffdbb340000 - 0x00007ffdbb39d000 	C:\WINDOWS\System32\shlwapi.dll
0x00007ffdba3c0000 - 0x00007ffdba3e1000 	C:\WINDOWS\SYSTEM32\profapi.dll
0x00007ffd96240000 - 0x00007ffd96259000 	C:\Program Files\Java\jdk-11.0.14\bin\net.dll
0x00007ffdb4760000 - 0x00007ffdb486c000 	C:\WINDOWS\SYSTEM32\WINHTTP.dll
0x00007ffdb99c0000 - 0x00007ffdb9a27000 	C:\WINDOWS\system32\mswsock.dll
0x00007ffd94dc0000 - 0x00007ffd94dd2000 	C:\Program Files\Java\jdk-11.0.14\bin\nio.dll
0x00007ffdb6970000 - 0x00007ffdb697b000 	C:\Program Files\Java\jdk-11.0.14\bin\dt_shmem.dll
0x00007ffd80490000 - 0x00007ffd8062a000 	C:\Program Files\Java\jdk-11.0.14\bin\awt.dll
0x00007ffdbbcc0000 - 0x00007ffdbbd96000 	C:\WINDOWS\System32\OLEAUT32.dll
0x00007ffdb75b0000 - 0x00007ffdb7641000 	C:\WINDOWS\SYSTEM32\apphelp.dll
0x00007ffdb7760000 - 0x00007ffdb780c000 	C:\WINDOWS\system32\uxtheme.dll
0x00007ffdbce40000 - 0x00007ffdbcf5e000 	C:\WINDOWS\System32\MSCTF.dll
0x00007ffdbb9e0000 - 0x00007ffdbbb7a000 	C:\WINDOWS\System32\ole32.dll
0x00007ffdb7c20000 - 0x00007ffdb7c4f000 	C:\WINDOWS\system32\DWMAPI.DLL

dbghelp: loaded successfully - version: 4.0.5 - missing functions: none
symbol engine: initialized successfully - sym options: 0x614 - pdb path: .;C:\Program Files\Java\jdk-11.0.14\bin;C:\WINDOWS\SYSTEM32;C:\WINDOWS\WinSxS\amd64_microsoft.windows.common-controls_6595b64144ccf1df_6.0.22000.120_none_9d947278b86cc467;C:\Program Files\Java\jdk-11.0.14\bin\server

VM Arguments:
jvm_args: -Dfile.encoding=UTF-8 -agentlib:jdwp=transport=dt_shmem,address=javadebug --module-path=C:\Users\Marcela Alzate\Documents\III semestre\POO\ProyectoPOO\ClienteProyecto\build\classes 
java_command: Vistas.InterfazCliente
java_class_path (initial): C:\Users\Marcela Alzate\Documents\III semestre\POO\Otros\json-simple-1.1.jar;C:\Users\Marcela Alzate\Documents\III semestre\POO\ProyectoPOO\ClienteProyecto\build\classes
Launcher Type: SUN_STANDARD

[Global flags]
     intx CICompilerCount                          = 3                                         {product} {ergonomic}
     uint ConcGCThreads                            = 1                                         {product} {ergonomic}
     uint G1ConcRefinementThreads                  = 4                                         {product} {ergonomic}
   size_t G1HeapRegionSize                         = 1048576                                   {product} {ergonomic}
    uintx GCDrainStackTargetSize                   = 64                                        {product} {ergonomic}
   size_t InitialHeapSize                          = 65011712                                  {product} {ergonomic}
   size_t MarkStackSize                            = 4194304                                   {product} {ergonomic}
   size_t MaxHeapSize                              = 1027604480                                {product} {ergonomic}
   size_t MaxNewSize                               = 616562688                                 {product} {ergonomic}
   size_t MinHeapDeltaBytes                        = 1048576                                   {product} {ergonomic}
    uintx NonNMethodCodeHeapSize                   = 5830732                                {pd product} {ergonomic}
    uintx NonProfiledCodeHeapSize                  = 122913754                              {pd product} {ergonomic}
    uintx ProfiledCodeHeapSize                     = 122913754                              {pd product} {ergonomic}
    uintx ReservedCodeCacheSize                    = 251658240                              {pd product} {ergonomic}
     bool SegmentedCodeCache                       = true                                      {product} {ergonomic}
     bool UseCompressedClassPointers               = true                                 {lp64_product} {ergonomic}
     bool UseCompressedOops                        = true                                 {lp64_product} {ergonomic}
     bool UseG1GC                                  = true                                      {product} {ergonomic}
     bool UseLargePagesIndividualAllocation        = false                                  {pd product} {ergonomic}

Logging:
Log output configuration:
 #0: stdout all=warning uptime,level,tags
 #1: stderr all=off uptime,level,tags

Environment Variables:
PATH=C:\Program Files\Common Files\Oracle\Java\javapath;C:\ProgramData\Oracle\Java\javapath;C:\WINDOWS\system32;C:\WINDOWS;C:\WINDOWS\System32\Wbem;C:\WINDOWS\System32\WindowsPowerShell\v1.0\;C:\WINDOWS\System32\OpenSSH\;C:\Program Files\Git\cmd;C:\Program Files\PowerShell\7\;C:\Users\Marcela Alzate\AppData\Local\Programs\Python\Python310\Scripts\;C:\Users\Marcela Alzate\AppData\Local\Programs\Python\Python310\;C:\Users\Marcela Alzate\AppData\Local\Microsoft\WindowsApps;C:\Users\Marcela Alzate\AppData\Local\Programs\Microsoft VS Code\bin
USERNAME=Marcela Alzate
OS=Windows_NT
PROCESSOR_IDENTIFIER=Intel64 Family 6 Model 142 Stepping 12, GenuineIntel



---------------  S Y S T E M  ---------------

OS: Windows 11 , 64 bit Build 22000 (10.0.22000.675)

CPU:total 4 (initial active 4) (2 cores per cpu, 2 threads per core) family 6 model 142 stepping 12 microcode 0xec, cmov, cx8, fxsr, mmx, sse, sse2, sse3, ssse3, sse4.1, sse4.2, popcnt, avx, avx2, aes, clmul, erms, 3dnowpref, lzcnt, ht, tsc, tscinvbit, bmi1, bmi2, adx, fma

Memory: 4k page, system-wide physical 3919M (246M free)
TotalPageFile size 15695M (AvailPageFile size 2M)
current process WorkingSet (physical memory assigned to process): 51M, peak: 51M
current process commit charge ("private bytes"): 141M, peak: 141M

vm_info: Java HotSpot(TM) 64-Bit Server VM (11.0.14+8-LTS-263) for windows-amd64 JRE (11.0.14+8-LTS-263), built on Dec  7 2021 21:53:57 by "mach5one" with MS VC++ 15.9 (VS2017)

END.
